founder:

f_homepage:


start_city:
不限
    

end_city:
北京

start_time:
2015.05.05

end_time:
31

remarks:
爱旅行，爱北京!
    

f_weiboid:
nil

f_wechatid:
nil
founder:

f_homepage:


start_city:
厦门
    

end_city:
厦门

start_time:
2014.12.08

end_time:
36

remarks:
在厦门鼓浪屿，要做的事很多我们一个人做不完，所以在这里找异性的旅途伴侣吧，我们一起找猫、找路、找风景、找历史、找美食，不会在一个人为自己编织的梦境了。让我牵起你的手，计划一场邂逅的旅行。不在乎结果，只在乎过程。把悲伤、难过、遗憾，都撒在路上。穿过大街小巷，看遍世间风景，不回头，不拾起，一路向前，因为，有你已足够。妹纸我的联系方式：微信：Luo970299393，QQ：970299393，陌陌：8778752，微博：@梅雅莉style，邮箱：rowe1990@live.cn，电话：13779965635，18659445635。
    

f_weiboid:
nil

f_wechatid:
nil
founder:

f_homepage:


start_city:
不限
    

end_city:
厦门

start_time:
2014.10.21

end_time:
36

remarks:
       之所以让一个酒吧天天做“爱”，是因为这些年自己的夜生活都没有高潮。。记得曾经有个妹子很认真和我说过，没有高潮是因为没有爱。。       是啊，这些年旅途中无论去哪个酒吧，都没人真正关心我，晚饭到底吃了没？今晚要不一起睡？我就像配角一样塞满各个桌角。爱，唯有当我甩出人民币的那刻，才值得拥有。      于是，才做这么个酒吧，我的理念是“消不消费无所谓，只要你带着爱来”，这个酒吧叫“厦门谷吧”，她是世界上独一无二的“全中国最有爱的酒吧”，因为她一周七晚都在拼命为大家做“爱”。。而你们每一个人，都是每场爱的主角。。如果你看不明白前面说的话，请静心看完这个厦门谷吧两年来现场活动视频http://v.youku.com/v_show/id_XNzA2MTE1NDY4.html，看完这个，你一定会想来【周一晚：真爱】唱情歌时销不销魂，是检验你有否真爱的最新标准---详情请戳：http://you.ctrip.com/events/xiamen21/2303834.html【周二晚：关爱】只要人人都献出点关爱，麦霸就不会对社会有危害。---详情请戳：http://you.ctrip.com/events/xiamen21/2303894.html【周三晚：群爱】无论你来自哪个年代，总有一群人和你相亲相爱。---详情请戳：http://you.ctrip.com/events/xiamen21/2303837.html【周四晚：宠爱】在谷吧，听完女生唱歌不鼓掌的会被耍流氓---详情请戳：http://you.ctrip.com/events/xiamen21/2303838.html【周五、周六晚：大爱】让任何人都能像明星一样开演唱会，如此大爱，势必澎湃！---详情请戳：http://you.ctrip.com/events/xiamen21/2303839.html【周日晚：怜爱】中国最帅最会唱歌的服务员，一个让人怜爱的声音。---详情请戳：http://you.ctrip.com/events/xiamen21/2303835.html【活动时间】：每晚20：30--次日凌晨1时【预约电话】：13695076225（小强） 15659260513（老板娘）【谷吧现场活动视频】http://www.youku.com/playlist_show/id_19484662.html【来过谷吧驴友点评】http://blog.sina.com.cn/s/blog_99d9888a0101ap53.html【新浪官方微博】：@厦门谷吧 （如有不明事项可微博私信询问）【官方微信平台】：请查找公众号“厦门谷吧”【负责人微信号】ourguba 【官方QQ群】   195578977
    

f_weiboid:
nil

f_wechatid:
nil
founder:

f_homepage:


start_city:
北京
    

end_city:
云南

start_time:
2015.02.28

end_time:
8

remarks:
春天的脚步已经一点一点的向我们走来，辛苦了一年的朋友们想要自己或者带着亲戚家人一起出门找一个特别的地方度过一个一生难忘的假期，咱们可以一起走了，我要去的地方是云南一片尚未被旅游开发的秘境罗平和元阳还有东川，那里有中国最壮观的罗平油菜花和中国最原始的古民族村，彝族 布依族等等，让你抛开城市的喧嚣充分体验真正男耕女织的朴素生活，简直是人间的天堂。在那里度过新年后的第一个完美假期相信会给新的一年带来很美好的憧憬。活动亮点：1、气温舒适：这条线路，2-3月上旬的时候温度10多度到20多度，非常舒适，非常适合欣赏摄影！2、元阳梯田：每年春季，国内最大的人工湿地――元阳梯田，无论是日出、日落的光影，优美的田埂线条，安静的村庄总让摄影人流连；元阳梯田――最具视觉刺激的绝妙梯田风光（雾里看田），典型的中国浓墨重彩山水画；3、东川红土地：中国最大的红土地，被称为“大地调色板”，红土地强烈的点、线、面的结合和大自然造就的土林美景，这是一次记录大地色彩之美的影像旅行；4、罗平花田：世界上最大的油菜花观光地，每年2月至3月上旬左右花期最旺，有花上桂林之称，和婺源这类东方风情不同，有浓烈的西洋油画之感；万亩油菜花田的气势磅礴，让人流连忘返；5、线路经典：最经典的云南摄影路线； 活动路线：D1：昆明集结D2：昆明―东川红土地D3：东川红土地―罗平油菜花D4：罗平―九龙瀑布群―弥勒D5：弥勒―元阳梯田D6：元阳（一整天的自由摄影）D7：元阳―建水古城―昆明D8：昆明散队 感兴趣的朋友和我联系喽QQ：2262676709 （同微信哦）电话：15101590429 （注明云南）出行具体时间加我细聊全程包车，不自虐，不腐败，不自驾，纯随性，深度走，拍拍照， 晒晒太阳 发发呆。路线已经攻略好。时间差不多就走。此线路并不适合喜欢自虐的户外驴友背包客。
    

f_weiboid:
nil

f_wechatid:
nil
founder:

f_homepage:


start_city:
北京
    

end_city:
云南

start_time:
2015.03.07

end_time:
8

remarks:
春天的脚步已经一点一点的向我们走来，辛苦了一年的朋友们想要自己或者带着亲戚家人一起出门找一个特别的地方度过一个一生难忘的假期，咱们可以一起走了，我要去的地方是云南一片尚未被旅游开发的秘境罗平和元阳还有东川，那里有中国最壮观的罗平油菜花和中国最原始的古民族村，彝族 布依族等等，让你抛开城市的喧嚣充分体验真正男耕女织的朴素生活，简直是人间的天堂。在那里度过新年后的第一个完美假期相信会给新的一年带来很美好的憧憬。活动亮点：1、气温舒适：这条线路，2-3月上旬的时候温度10多度到20多度，非常舒适，非常适合欣赏摄影！2、元阳梯田：每年春季，国内最大的人工湿地――元阳梯田，无论是日出、日落的光影，优美的田埂线条，安静的村庄总让摄影人流连；元阳梯田――最具视觉刺激的绝妙梯田风光（雾里看田），典型的中国浓墨重彩山水画；3、东川红土地：中国最大的红土地，被称为“大地调色板”，红土地强烈的点、线、面的结合和大自然造就的土林美景，这是一次记录大地色彩之美的影像旅行；4、罗平花田：世界上最大的油菜花观光地，每年2月至3月上旬左右花期最旺，有花上桂林之称，和婺源这类东方风情不同，有浓烈的西洋油画之感；万亩油菜花田的气势磅礴，让人流连忘返；5、线路经典：最经典的云南摄影路线； 活动路线：D1：昆明集结D2：昆明―东川红土地D3：东川红土地―罗平油菜花D4：罗平―九龙瀑布群―弥勒D5：弥勒―元阳梯田D6：元阳（一整天的自由摄影）D7：元阳―建水古城―昆明D8：昆明散队 感兴趣的朋友和我联系喽QQ：2262676709 （同微信哦）电话：15101590429出行具体时间加我细聊全程包车，不自虐，不腐败，不自驾，纯随性，深度走，拍拍照， 晒晒太阳 发发呆。路线已经攻略好。时间差不多就走。此线路并不适合喜欢自虐的户外驴友背包客。
    

f_weiboid:
nil

f_wechatid:
nil
